This is pdfTeX, Version 3.1415926-2.5-1.40.14 (MiKTeX 2.9) (preloaded format=pdflatex 2015.1.26)  31 MAR 2015 16:26
entering extended mode
**MB_Doc.tex
(S:\ArmA3Work\MapBuilder\Doc\MB_Doc.tex
LaTeX2e <2011/06/27>
Babel <v3.8m> and hyphenation patterns for english, afrikaans, ancientgreek, ar
abic, armenian, assamese, basque, bengali, bokmal, bulgarian, catalan, coptic, 
croatian, czech, danish, dutch, esperanto, estonian, farsi, finnish, french, ga
lician, german, german-x-2013-05-26, greek, gujarati, hindi, hungarian, iceland
ic, indonesian, interlingua, irish, italian, kannada, kurmanji, latin, latvian,
 lithuanian, malayalam, marathi, mongolian, mongolianlmc, monogreek, ngerman, n
german-x-2013-05-26, nynorsk, oriya, panjabi, pinyin, polish, portuguese, roman
ian, russian, sanskrit, serbian, slovak, slovenian, spanish, swedish, swissgerm
an, tamil, telugu, turkish, turkmen, ukenglish, ukrainian, uppersorbian, usengl
ishmax, welsh, loaded.
("R:\Development\MiKTeX 2.9\tex\latex\koma-script\scrartcl.cls"
Document Class: scrartcl 2015/01/14 v3.15 KOMA-Script document class (article)
("R:\Development\MiKTeX 2.9\tex\latex\koma-script\scrkbase.sty"
Package: scrkbase 2015/01/14 v3.15 KOMA-Script package (KOMA-Script-dependent b
asics and keyval usage)

("R:\Development\MiKTeX 2.9\tex\latex\koma-script\scrbase.sty"
Package: scrbase 2015/01/14 v3.15 KOMA-Script package (KOMA-Script-independent 
basics and keyval usage)

("R:\Development\MiKTeX 2.9\tex\latex\graphics\keyval.sty"
Package: keyval 1999/03/16 v1.13 key=value parser (DPC)
\KV@toks@=\toks14
)
("R:\Development\MiKTeX 2.9\tex\latex\koma-script\scrlfile.sty"
Package: scrlfile 2015/01/14 v3.15 KOMA-Script package (loading files)

Package scrlfile, 2015/01/14 v3.15 KOMA-Script package (loading files)
                  Copyright (C) Markus Kohm

))) ("R:\Development\MiKTeX 2.9\tex\latex\koma-script\tocbasic.sty"
Package: tocbasic 2015/01/14 v3.15 KOMA-Script package (handling toc-files)
)
Package tocbasic Info: omitting babel extension for `toc'
(tocbasic)             because of feature `nobabel' available
(tocbasic)             for `toc' on input line 116.
Package tocbasic Info: omitting babel extension for `lof'
(tocbasic)             because of feature `nobabel' available
(tocbasic)             for `lof' on input line 117.
Package tocbasic Info: omitting babel extension for `lot'
(tocbasic)             because of feature `nobabel' available
(tocbasic)             for `lot' on input line 118.
Class scrartcl Info: File `scrsize11pt.clo' used instead of
(scrartcl)           file `scrsize11.clo' to setup font sizes on input line 156
3.

("R:\Development\MiKTeX 2.9\tex\latex\koma-script\scrsize11pt.clo"
File: scrsize11pt.clo 2015/01/14 v3.15 KOMA-Script font size class option (11pt
)
)
("R:\Development\MiKTeX 2.9\tex\latex\koma-script\typearea.sty"
Package: typearea 2015/01/14 v3.15 KOMA-Script package (type area)

Package typearea, 2015/01/14 v3.15 KOMA-Script package (type area)
                  Copyright (C) Frank Neukam, 1992-1994
                  Copyright (C) Markus Kohm, 1994-

\ta@bcor=\skip41
\ta@div=\count79
\ta@hblk=\skip42
\ta@vblk=\skip43
\ta@temp=\skip44
\footheight=\skip45
Package typearea Info: These are the values describing the layout:
(typearea)             DIV  = 10
(typearea)             BCOR = 0.0pt
(typearea)             \paperwidth      = 597.50793pt
(typearea)              \textwidth      = 418.25555pt
(typearea)              DIV departure   = -6%
(typearea)              \evensidemargin = 17.3562pt
(typearea)              \oddsidemargin  = 17.3562pt
(typearea)             \paperheight     = 845.04694pt
(typearea)              \textheight     = 595.80026pt
(typearea)              \topmargin      = -25.16531pt
(typearea)              \headheight     = 17.0pt
(typearea)              \headsep        = 20.40001pt
(typearea)              \topskip        = 11.0pt
(typearea)              \footskip       = 47.6pt
(typearea)              \baselineskip   = 13.6pt
(typearea)              on input line 1341.
)
\c@part=\count80
\c@section=\count81
\c@subsection=\count82
\c@subsubsection=\count83
\c@paragraph=\count84
\c@subparagraph=\count85
\abovecaptionskip=\skip46
\belowcaptionskip=\skip47
\c@pti@nb@sid@b@x=\box26
\c@figure=\count86
\c@table=\count87
\bibindent=\dimen102
) ("R:\Development\MiKTeX 2.9\tex\latex\setspace\setspace.sty"
Package: setspace 2011/12/19 v6.7a set line spacing
)
("R:\Development\MiKTeX 2.9\tex\latex\tools\calc.sty"
Package: calc 2007/08/22 v4.3 Infix arithmetic (KKT,FJ)
\calc@Acount=\count88
\calc@Bcount=\count89
\calc@Adimen=\dimen103
\calc@Bdimen=\dimen104
\calc@Askip=\skip48
\calc@Bskip=\skip49
LaTeX Info: Redefining \setlength on input line 76.
LaTeX Info: Redefining \addtolength on input line 77.
\calc@Ccount=\count90
\calc@Cskip=\skip50
)
("R:\Development\MiKTeX 2.9\tex\latex\base\fontenc.sty"
Package: fontenc 2005/09/27 v1.99g Standard LaTeX package

("R:\Development\MiKTeX 2.9\tex\latex\base\t1enc.def"
File: t1enc.def 2005/09/27 v1.99g Standard LaTeX file
LaTeX Font Info:    Redeclaring font encoding T1 on input line 43.
))
("R:\Development\MiKTeX 2.9\tex\latex\base\inputenc.sty"
Package: inputenc 2008/03/30 v1.1d Input encoding file
\inpenc@prehook=\toks15
\inpenc@posthook=\toks16

("R:\Development\MiKTeX 2.9\tex\latex\base\utf8.def"
File: utf8.def 2008/04/05 v1.1m UTF-8 support for inputenc
Now handling font encoding OML ...
... no UTF-8 mapping file for font encoding OML
Now handling font encoding T1 ...
... processing UTF-8 mapping file for font encoding T1

("R:\Development\MiKTeX 2.9\tex\latex\base\t1enc.dfu"
File: t1enc.dfu 2008/04/05 v1.1m UTF-8 support for inputenc
   defining Unicode char U+00A1 (decimal 161)
   defining Unicode char U+00A3 (decimal 163)
   defining Unicode char U+00AB (decimal 171)
   defining Unicode char U+00BB (decimal 187)
   defining Unicode char U+00BF (decimal 191)
   defining Unicode char U+00C0 (decimal 192)
   defining Unicode char U+00C1 (decimal 193)
   defining Unicode char U+00C2 (decimal 194)
   defining Unicode char U+00C3 (decimal 195)
   defining Unicode char U+00C4 (decimal 196)
   defining Unicode char U+00C5 (decimal 197)
   defining Unicode char U+00C6 (decimal 198)
   defining Unicode char U+00C7 (decimal 199)
   defining Unicode char U+00C8 (decimal 200)
   defining Unicode char U+00C9 (decimal 201)
   defining Unicode char U+00CA (decimal 202)
   defining Unicode char U+00CB (decimal 203)
   defining Unicode char U+00CC (decimal 204)
   defining Unicode char U+00CD (decimal 205)
   defining Unicode char U+00CE (decimal 206)
   defining Unicode char U+00CF (decimal 207)
   defining Unicode char U+00D0 (decimal 208)
   defining Unicode char U+00D1 (decimal 209)
   defining Unicode char U+00D2 (decimal 210)
   defining Unicode char U+00D3 (decimal 211)
   defining Unicode char U+00D4 (decimal 212)
   defining Unicode char U+00D5 (decimal 213)
   defining Unicode char U+00D6 (decimal 214)
   defining Unicode char U+00D8 (decimal 216)
   defining Unicode char U+00D9 (decimal 217)
   defining Unicode char U+00DA (decimal 218)
   defining Unicode char U+00DB (decimal 219)
   defining Unicode char U+00DC (decimal 220)
   defining Unicode char U+00DD (decimal 221)
   defining Unicode char U+00DE (decimal 222)
   defining Unicode char U+00DF (decimal 223)
   defining Unicode char U+00E0 (decimal 224)
   defining Unicode char U+00E1 (decimal 225)
   defining Unicode char U+00E2 (decimal 226)
   defining Unicode char U+00E3 (decimal 227)
   defining Unicode char U+00E4 (decimal 228)
   defining Unicode char U+00E5 (decimal 229)
   defining Unicode char U+00E6 (decimal 230)
   defining Unicode char U+00E7 (decimal 231)
   defining Unicode char U+00E8 (decimal 232)
   defining Unicode char U+00E9 (decimal 233)
   defining Unicode char U+00EA (decimal 234)
   defining Unicode char U+00EB (decimal 235)
   defining Unicode char U+00EC (decimal 236)
   defining Unicode char U+00ED (decimal 237)
   defining Unicode char U+00EE (decimal 238)
   defining Unicode char U+00EF (decimal 239)
   defining Unicode char U+00F0 (decimal 240)
   defining Unicode char U+00F1 (decimal 241)
   defining Unicode char U+00F2 (decimal 242)
   defining Unicode char U+00F3 (decimal 243)
   defining Unicode char U+00F4 (decimal 244)
   defining Unicode char U+00F5 (decimal 245)
   defining Unicode char U+00F6 (decimal 246)
   defining Unicode char U+00F8 (decimal 248)
   defining Unicode char U+00F9 (decimal 249)
   defining Unicode char U+00FA (decimal 250)
   defining Unicode char U+00FB (decimal 251)
   defining Unicode char U+00FC (decimal 252)
   defining Unicode char U+00FD (decimal 253)
   defining Unicode char U+00FE (decimal 254)
   defining Unicode char U+00FF (decimal 255)
   defining Unicode char U+0102 (decimal 258)
   defining Unicode char U+0103 (decimal 259)
   defining Unicode char U+0104 (decimal 260)
   defining Unicode char U+0105 (decimal 261)
   defining Unicode char U+0106 (decimal 262)
   defining Unicode char U+0107 (decimal 263)
   defining Unicode char U+010C (decimal 268)
   defining Unicode char U+010D (decimal 269)
   defining Unicode char U+010E (decimal 270)
   defining Unicode char U+010F (decimal 271)
   defining Unicode char U+0110 (decimal 272)
   defining Unicode char U+0111 (decimal 273)
   defining Unicode char U+0118 (decimal 280)
   defining Unicode char U+0119 (decimal 281)
   defining Unicode char U+011A (decimal 282)
   defining Unicode char U+011B (decimal 283)
   defining Unicode char U+011E (decimal 286)
   defining Unicode char U+011F (decimal 287)
   defining Unicode char U+0130 (decimal 304)
   defining Unicode char U+0131 (decimal 305)
   defining Unicode char U+0132 (decimal 306)
   defining Unicode char U+0133 (decimal 307)
   defining Unicode char U+0139 (decimal 313)
   defining Unicode char U+013A (decimal 314)
   defining Unicode char U+013D (decimal 317)
   defining Unicode char U+013E (decimal 318)
   defining Unicode char U+0141 (decimal 321)
   defining Unicode char U+0142 (decimal 322)
   defining Unicode char U+0143 (decimal 323)
   defining Unicode char U+0144 (decimal 324)
   defining Unicode char U+0147 (decimal 327)
   defining Unicode char U+0148 (decimal 328)
   defining Unicode char U+014A (decimal 330)
   defining Unicode char U+014B (decimal 331)
   defining Unicode char U+0150 (decimal 336)
   defining Unicode char U+0151 (decimal 337)
   defining Unicode char U+0152 (decimal 338)
   defining Unicode char U+0153 (decimal 339)
   defining Unicode char U+0154 (decimal 340)
   defining Unicode char U+0155 (decimal 341)
   defining Unicode char U+0158 (decimal 344)
   defining Unicode char U+0159 (decimal 345)
   defining Unicode char U+015A (decimal 346)
   defining Unicode char U+015B (decimal 347)
   defining Unicode char U+015E (decimal 350)
   defining Unicode char U+015F (decimal 351)
   defining Unicode char U+0160 (decimal 352)
   defining Unicode char U+0161 (decimal 353)
   defining Unicode char U+0162 (decimal 354)
   defining Unicode char U+0163 (decimal 355)
   defining Unicode char U+0164 (decimal 356)
   defining Unicode char U+0165 (decimal 357)
   defining Unicode char U+016E (decimal 366)
   defining Unicode char U+016F (decimal 367)
   defining Unicode char U+0170 (decimal 368)
   defining Unicode char U+0171 (decimal 369)
   defining Unicode char U+0178 (decimal 376)
   defining Unicode char U+0179 (decimal 377)
   defining Unicode char U+017A (decimal 378)
   defining Unicode char U+017B (decimal 379)
   defining Unicode char U+017C (decimal 380)
   defining Unicode char U+017D (decimal 381)
   defining Unicode char U+017E (decimal 382)
   defining Unicode char U+200C (decimal 8204)
   defining Unicode char U+2013 (decimal 8211)
   defining Unicode char U+2014 (decimal 8212)
   defining Unicode char U+2018 (decimal 8216)
   defining Unicode char U+2019 (decimal 8217)
   defining Unicode char U+201A (decimal 8218)
   defining Unicode char U+201C (decimal 8220)
   defining Unicode char U+201D (decimal 8221)
   defining Unicode char U+201E (decimal 8222)
   defining Unicode char U+2030 (decimal 8240)
   defining Unicode char U+2031 (decimal 8241)
   defining Unicode char U+2039 (decimal 8249)
   defining Unicode char U+203A (decimal 8250)
   defining Unicode char U+2423 (decimal 9251)
)
Now handling font encoding OT1 ...
... processing UTF-8 mapping file for font encoding OT1

("R:\Development\MiKTeX 2.9\tex\latex\base\ot1enc.dfu"
File: ot1enc.dfu 2008/04/05 v1.1m UTF-8 support for inputenc
   defining Unicode char U+00A1 (decimal 161)
   defining Unicode char U+00A3 (decimal 163)
   defining Unicode char U+00B8 (decimal 184)
   defining Unicode char U+00BF (decimal 191)
   defining Unicode char U+00C5 (decimal 197)
   defining Unicode char U+00C6 (decimal 198)
   defining Unicode char U+00D8 (decimal 216)
   defining Unicode char U+00DF (decimal 223)
   defining Unicode char U+00E6 (decimal 230)
   defining Unicode char U+00EC (decimal 236)
   defining Unicode char U+00ED (decimal 237)
   defining Unicode char U+00EE (decimal 238)
   defining Unicode char U+00EF (decimal 239)
   defining Unicode char U+00F8 (decimal 248)
   defining Unicode char U+0131 (decimal 305)
   defining Unicode char U+0141 (decimal 321)
   defining Unicode char U+0142 (decimal 322)
   defining Unicode char U+0152 (decimal 338)
   defining Unicode char U+0153 (decimal 339)
   defining Unicode char U+2013 (decimal 8211)
   defining Unicode char U+2014 (decimal 8212)
   defining Unicode char U+2018 (decimal 8216)
   defining Unicode char U+2019 (decimal 8217)
   defining Unicode char U+201C (decimal 8220)
   defining Unicode char U+201D (decimal 8221)
)
Now handling font encoding OMS ...
... processing UTF-8 mapping file for font encoding OMS

("R:\Development\MiKTeX 2.9\tex\latex\base\omsenc.dfu"
File: omsenc.dfu 2008/04/05 v1.1m UTF-8 support for inputenc
   defining Unicode char U+00A7 (decimal 167)
   defining Unicode char U+00B6 (decimal 182)
   defining Unicode char U+00B7 (decimal 183)
   defining Unicode char U+2020 (decimal 8224)
   defining Unicode char U+2021 (decimal 8225)
   defining Unicode char U+2022 (decimal 8226)
)
Now handling font encoding OMX ...
... no UTF-8 mapping file for font encoding OMX
Now handling font encoding U ...
... no UTF-8 mapping file for font encoding U
   defining Unicode char U+00A9 (decimal 169)
   defining Unicode char U+00AA (decimal 170)
   defining Unicode char U+00AE (decimal 174)
   defining Unicode char U+00BA (decimal 186)
   defining Unicode char U+02C6 (decimal 710)
   defining Unicode char U+02DC (decimal 732)
   defining Unicode char U+200C (decimal 8204)
   defining Unicode char U+2026 (decimal 8230)
   defining Unicode char U+2122 (decimal 8482)
   defining Unicode char U+2423 (decimal 9251)
))
("R:\Development\MiKTeX 2.9\tex\generic\babel\babel.sty"
Package: babel 2008/07/08 v3.8m The Babel package

*************************************
* Local config file bblopts.cfg used
*
("R:\Development\MiKTeX 2.9\tex\latex\00miktex\bblopts.cfg"
File: bblopts.cfg 2006/07/31 v1.0 MiKTeX 'babel' configuration
)
("R:\Development\MiKTeX 2.9\tex\generic\babel\english.ldf"
Language: english 2005/03/30 v3.3o English support from the babel system

("R:\Development\MiKTeX 2.9\tex\generic\babel\babel.def"
File: babel.def 2008/07/08 v3.8m Babel common definitions
\babel@savecnt=\count91
\U@D=\dimen105
)
\l@canadian = a dialect from \language\l@american 
\l@australian = a dialect from \language\l@british 
\l@newzealand = a dialect from \language\l@british 
))
("R:\Development\MiKTeX 2.9\tex\latex\isodate\isodate.sty"
Package: isodate 2010/01/03 v2.30 Print dates with different formats (HH)

("R:\Development\MiKTeX 2.9\tex\latex\base\ifthen.sty"
Package: ifthen 2001/05/26 v1.1c Standard LaTeX ifthen package (DPC)
)
("R:\Development\MiKTeX 2.9\tex\latex\substr\substr.sty"
Package: substr 2009/10/20 v1.2 Handle substrings
\c@su@anzahl=\count92
)
("R:\Development\MiKTeX 2.9\tex\latex\isodate\english.idf"
File: english.idf 2010/01/03 v2.30 Language definitions for isodate package (HH
)

Define commands for English date format
)
\c@iso@tmpmonth=\count93
\c@iso@yeartwo=\count94
\c@iso@slash=\count95
\c@iso@minus=\count96
\c@iso@dot=\count97
\c@iso@@slash=\count98
\c@iso@@minus=\count99
\c@iso@@dot=\count100
)

Class scrartcl Warning: Usage of package `parskip' together
(scrartcl)              with a KOMA-Script class is not recommended.
(scrartcl)              I'd suggest to use option
(scrartcl)              `parskip' with one of it's several values.
(scrartcl)              Nevertheless, using requested
(scrartcl)              package `parskip' on input line 10.

("R:\Development\MiKTeX 2.9\tex\latex\ltxmisc\parskip.sty"
Package: parskip 2001/04/09 non-zero parskip adjustments
)
("R:\Development\MiKTeX 2.9\tex\latex\was\icomma.sty"
Package: icomma 2002/03/10 v2.0 (WaS)
)
("R:\Development\MiKTeX 2.9\tex\latex\listings\listings.sty"
\lst@mode=\count101
\lst@gtempboxa=\box27
\lst@token=\toks17
\lst@length=\count102
\lst@currlwidth=\dimen106
\lst@column=\count103
\lst@pos=\count104
\lst@lostspace=\dimen107
\lst@width=\dimen108
\lst@newlines=\count105
\lst@lineno=\count106
\lst@maxwidth=\dimen109

("R:\Development\MiKTeX 2.9\tex\latex\listings\lstmisc.sty"
File: lstmisc.sty 2014/09/06 1.5e (Carsten Heinz)
\c@lstnumber=\count107
\lst@skipnumbers=\count108
\lst@framebox=\box28
)
("R:\Development\MiKTeX 2.9\tex\latex\listings\listings.cfg"
File: listings.cfg 2014/09/06 1.5e listings configuration
))
Package: listings 2014/09/06 1.5e (Carsten Heinz)

("R:\Development\MiKTeX 2.9\tex\latex\graphics\color.sty"
Package: color 2005/11/14 v1.0j Standard LaTeX Color (DPC)

("R:\Development\MiKTeX 2.9\tex\latex\00miktex\color.cfg"
File: color.cfg 2007/01/18 v1.5 color configuration of teTeX/TeXLive
)
Package color Info: Driver file: pdftex.def on input line 130.

("R:\Development\MiKTeX 2.9\tex\latex\pdftex-def\pdftex.def"
File: pdftex.def 2011/05/27 v0.06d Graphics/color for pdfTeX

("R:\Development\MiKTeX 2.9\tex\generic\oberdiek\infwarerr.sty"
Package: infwarerr 2010/04/08 v1.3 Providing info/warning/error messages (HO)
)
("R:\Development\MiKTeX 2.9\tex\generic\oberdiek\ltxcmds.sty"
Package: ltxcmds 2011/11/09 v1.22 LaTeX kernel commands for general use (HO)
)
\Gread@gobject=\count109
))
("R:\Development\MiKTeX 2.9\tex\latex\enumitem\enumitem.sty"
Package: enumitem 2011/09/28 v3.5.2 Customized lists
\labelindent=\skip51
\enit@outerparindent=\dimen110
\enit@toks=\toks18
\enit@inbox=\box29
\enitdp@description=\count110
)
("R:\Development\MiKTeX 2.9\tex\latex\base\latexsym.sty"
Package: latexsym 1998/08/17 v2.2e Standard LaTeX package (lasy symbols)
\symlasy=\mathgroup4
LaTeX Font Info:    Overwriting symbol font `lasy' in version `bold'
(Font)                  U/lasy/m/n --> U/lasy/b/n on input line 47.
)
("R:\Development\MiKTeX 2.9\tex\latex\base\exscale.sty"
Package: exscale 2007/10/29 v2.1h Standard LaTeX package exscale
LaTeX Font Info:    Redeclaring symbol font `largesymbols' on input line 52.
LaTeX Font Info:    Overwriting symbol font `largesymbols' in version `normal'
(Font)                  OMX/cmex/m/n --> OMX/cmex/m/n on input line 52.
LaTeX Font Info:    Overwriting symbol font `largesymbols' in version `bold'
(Font)                  OMX/cmex/m/n --> OMX/cmex/m/n on input line 52.
\big@size=\dimen111
)
("R:\Development\MiKTeX 2.9\tex\latex\stmaryrd\stmaryrd.sty"
Package: stmaryrd 1994/03/03 St Mary's Road symbol package
\symstmry=\mathgroup5
LaTeX Font Info:    Overwriting symbol font `stmry' in version `bold'
(Font)                  U/stmry/m/n --> U/stmry/b/n on input line 89.
)
("R:\Development\MiKTeX 2.9\tex\latex\amsfonts\amssymb.sty"
Package: amssymb 2013/01/14 v3.01 AMS font symbols

("R:\Development\MiKTeX 2.9\tex\latex\amsfonts\amsfonts.sty"
Package: amsfonts 2013/01/14 v3.01 Basic AMSFonts support
\@emptytoks=\toks19
\symAMSa=\mathgroup6
\symAMSb=\mathgroup7
LaTeX Font Info:    Overwriting math alphabet `\mathfrak' in version `bold'
(Font)                  U/euf/m/n --> U/euf/b/n on input line 106.
)
LaTeX Font Info:    Redeclaring math symbol \boxdot on input line 44.
)
("R:\Development\MiKTeX 2.9\tex\latex\amsmath\amsmath.sty"
Package: amsmath 2013/01/14 v2.14 AMS math features
\@mathmargin=\skip52

For additional information on amsmath, use the `?' option.
("R:\Development\MiKTeX 2.9\tex\latex\amsmath\amstext.sty"
Package: amstext 2000/06/29 v2.01

("R:\Development\MiKTeX 2.9\tex\latex\amsmath\amsgen.sty"
File: amsgen.sty 1999/11/30 v2.0
\@emptytoks=\toks20
\ex@=\dimen112
))
("R:\Development\MiKTeX 2.9\tex\latex\amsmath\amsbsy.sty"
Package: amsbsy 1999/11/29 v1.2d
\pmbraise@=\dimen113
)
("R:\Development\MiKTeX 2.9\tex\latex\amsmath\amsopn.sty"
Package: amsopn 1999/12/14 v2.01 operator names
)
\inf@bad=\count111
LaTeX Info: Redefining \frac on input line 210.
\uproot@=\count112
\leftroot@=\count113
LaTeX Info: Redefining \overline on input line 306.
\classnum@=\count114
\DOTSCASE@=\count115
LaTeX Info: Redefining \ldots on input line 378.
LaTeX Info: Redefining \dots on input line 381.
LaTeX Info: Redefining \cdots on input line 466.
\Mathstrutbox@=\box30
\strutbox@=\box31
\big@size=\dimen114
LaTeX Font Info:    Redeclaring font encoding OML on input line 566.
LaTeX Font Info:    Redeclaring font encoding OMS on input line 567.
\macc@depth=\count116
\c@MaxMatrixCols=\count117
\dotsspace@=\muskip10
\c@parentequation=\count118
\dspbrk@lvl=\count119
\tag@help=\toks21
\row@=\count120
\column@=\count121
\maxfields@=\count122
\andhelp@=\toks22
\eqnshift@=\dimen115
\alignsep@=\dimen116
\tagshift@=\dimen117
\tagwidth@=\dimen118
\totwidth@=\dimen119
\lineht@=\dimen120
\@envbody=\toks23
\multlinegap=\skip53
\multlinetaggap=\skip54
\mathdisplay@stack=\toks24
LaTeX Info: Redefining \[ on input line 2665.
LaTeX Info: Redefining \] on input line 2666.
)
("R:\Development\MiKTeX 2.9\tex\latex\graphics\graphicx.sty"
Package: graphicx 1999/02/16 v1.0f Enhanced LaTeX Graphics (DPC,SPQR)

("R:\Development\MiKTeX 2.9\tex\latex\graphics\graphics.sty"
Package: graphics 2009/02/05 v1.0o Standard LaTeX Graphics (DPC,SPQR)

("R:\Development\MiKTeX 2.9\tex\latex\graphics\trig.sty"
Package: trig 1999/03/16 v1.09 sin cos tan (DPC)
)
("R:\Development\MiKTeX 2.9\tex\latex\00miktex\graphics.cfg"
File: graphics.cfg 2007/01/18 v1.5 graphics configuration of teTeX/TeXLive
)
Package graphics Info: Driver file: pdftex.def on input line 91.
)
\Gin@req@height=\dimen121
\Gin@req@width=\dimen122
)
("R:\Development\MiKTeX 2.9\tex\latex\wasysym\wasysym.sty"
Package: wasysym 2003/10/30 v2.0 Wasy-2 symbol support package
\symwasy=\mathgroup8
LaTeX Font Info:    Overwriting symbol font `wasy' in version `bold'
(Font)                  U/wasy/m/n --> U/wasy/b/n on input line 90.
)
("R:\Development\MiKTeX 2.9\tex\latex\eurosym\eurosym.sty"
Package: eurosym 1998/08/06 v1.1 European currency symbol ``Euro''
\@eurobox=\box32
)
("R:\Development\MiKTeX 2.9\tex\latex\base\textcomp.sty"
Package: textcomp 2005/09/27 v1.99g Standard LaTeX package
Package textcomp Info: Sub-encoding information:
(textcomp)               5 = only ISO-Adobe without \textcurrency
(textcomp)               4 = 5 + \texteuro
(textcomp)               3 = 4 + \textohm
(textcomp)               2 = 3 + \textestimated + \textcurrency
(textcomp)               1 = TS1 - \textcircled - \t
(textcomp)               0 = TS1 (full)
(textcomp)             Font families with sub-encoding setting implement
(textcomp)             only a restricted character set as indicated.
(textcomp)             Family '?' is the default used for unknown fonts.
(textcomp)             See the documentation for details.
Package textcomp Info: Setting ? sub-encoding to TS1/1 on input line 71.

("R:\Development\MiKTeX 2.9\tex\latex\base\ts1enc.def"
File: ts1enc.def 2001/06/05 v3.0e (jk/car/fm) Standard LaTeX file
Now handling font encoding TS1 ...
... processing UTF-8 mapping file for font encoding TS1

("R:\Development\MiKTeX 2.9\tex\latex\base\ts1enc.dfu"
File: ts1enc.dfu 2008/04/05 v1.1m UTF-8 support for inputenc
   defining Unicode char U+00A2 (decimal 162)
   defining Unicode char U+00A3 (decimal 163)
   defining Unicode char U+00A4 (decimal 164)
   defining Unicode char U+00A5 (decimal 165)
   defining Unicode char U+00A6 (decimal 166)
   defining Unicode char U+00A7 (decimal 167)
   defining Unicode char U+00A8 (decimal 168)
   defining Unicode char U+00A9 (decimal 169)
   defining Unicode char U+00AA (decimal 170)
   defining Unicode char U+00AC (decimal 172)
   defining Unicode char U+00AE (decimal 174)
   defining Unicode char U+00AF (decimal 175)
   defining Unicode char U+00B0 (decimal 176)
   defining Unicode char U+00B1 (decimal 177)
   defining Unicode char U+00B2 (decimal 178)
   defining Unicode char U+00B3 (decimal 179)
   defining Unicode char U+00B4 (decimal 180)
   defining Unicode char U+00B5 (decimal 181)
   defining Unicode char U+00B6 (decimal 182)
   defining Unicode char U+00B7 (decimal 183)
   defining Unicode char U+00B9 (decimal 185)
   defining Unicode char U+00BA (decimal 186)
   defining Unicode char U+00BC (decimal 188)
   defining Unicode char U+00BD (decimal 189)
   defining Unicode char U+00BE (decimal 190)
   defining Unicode char U+00D7 (decimal 215)
   defining Unicode char U+00F7 (decimal 247)
   defining Unicode char U+0192 (decimal 402)
   defining Unicode char U+02C7 (decimal 711)
   defining Unicode char U+02D8 (decimal 728)
   defining Unicode char U+02DD (decimal 733)
   defining Unicode char U+0E3F (decimal 3647)
   defining Unicode char U+2016 (decimal 8214)
   defining Unicode char U+2020 (decimal 8224)
   defining Unicode char U+2021 (decimal 8225)
   defining Unicode char U+2022 (decimal 8226)
   defining Unicode char U+2030 (decimal 8240)
   defining Unicode char U+2031 (decimal 8241)
   defining Unicode char U+203B (decimal 8251)
   defining Unicode char U+203D (decimal 8253)
   defining Unicode char U+2044 (decimal 8260)
   defining Unicode char U+204E (decimal 8270)
   defining Unicode char U+2052 (decimal 8274)
   defining Unicode char U+20A1 (decimal 8353)
   defining Unicode char U+20A4 (decimal 8356)
   defining Unicode char U+20A6 (decimal 8358)
   defining Unicode char U+20A9 (decimal 8361)
   defining Unicode char U+20AB (decimal 8363)
   defining Unicode char U+20AC (decimal 8364)
   defining Unicode char U+20B1 (decimal 8369)
   defining Unicode char U+2103 (decimal 8451)
   defining Unicode char U+2116 (decimal 8470)
   defining Unicode char U+2117 (decimal 8471)
   defining Unicode char U+211E (decimal 8478)
   defining Unicode char U+2120 (decimal 8480)
   defining Unicode char U+2122 (decimal 8482)
   defining Unicode char U+2126 (decimal 8486)
   defining Unicode char U+2127 (decimal 8487)
   defining Unicode char U+212E (decimal 8494)
   defining Unicode char U+2190 (decimal 8592)
   defining Unicode char U+2191 (decimal 8593)
   defining Unicode char U+2192 (decimal 8594)
   defining Unicode char U+2193 (decimal 8595)
   defining Unicode char U+2329 (decimal 9001)
   defining Unicode char U+232A (decimal 9002)
   defining Unicode char U+2422 (decimal 9250)
   defining Unicode char U+25E6 (decimal 9702)
   defining Unicode char U+25EF (decimal 9711)
   defining Unicode char U+266A (decimal 9834)
))
LaTeX Info: Redefining \oldstylenums on input line 266.
Package textcomp Info: Setting cmr sub-encoding to TS1/0 on input line 281.
Package textcomp Info: Setting cmss sub-encoding to TS1/0 on input line 282.
Package textcomp Info: Setting cmtt sub-encoding to TS1/0 on input line 283.
Package textcomp Info: Setting cmvtt sub-encoding to TS1/0 on input line 284.
Package textcomp Info: Setting cmbr sub-encoding to TS1/0 on input line 285.
Package textcomp Info: Setting cmtl sub-encoding to TS1/0 on input line 286.
Package textcomp Info: Setting ccr sub-encoding to TS1/0 on input line 287.
Package textcomp Info: Setting ptm sub-encoding to TS1/4 on input line 288.
Package textcomp Info: Setting pcr sub-encoding to TS1/4 on input line 289.
Package textcomp Info: Setting phv sub-encoding to TS1/4 on input line 290.
Package textcomp Info: Setting ppl sub-encoding to TS1/3 on input line 291.
Package textcomp Info: Setting pag sub-encoding to TS1/4 on input line 292.
Package textcomp Info: Setting pbk sub-encoding to TS1/4 on input line 293.
Package textcomp Info: Setting pnc sub-encoding to TS1/4 on input line 294.
Package textcomp Info: Setting pzc sub-encoding to TS1/4 on input line 295.
Package textcomp Info: Setting bch sub-encoding to TS1/4 on input line 296.
Package textcomp Info: Setting put sub-encoding to TS1/5 on input line 297.
Package textcomp Info: Setting uag sub-encoding to TS1/5 on input line 298.
Package textcomp Info: Setting ugq sub-encoding to TS1/5 on input line 299.
Package textcomp Info: Setting ul8 sub-encoding to TS1/4 on input line 300.
Package textcomp Info: Setting ul9 sub-encoding to TS1/4 on input line 301.
Package textcomp Info: Setting augie sub-encoding to TS1/5 on input line 302.
Package textcomp Info: Setting dayrom sub-encoding to TS1/3 on input line 303.
Package textcomp Info: Setting dayroms sub-encoding to TS1/3 on input line 304.

Package textcomp Info: Setting pxr sub-encoding to TS1/0 on input line 305.
Package textcomp Info: Setting pxss sub-encoding to TS1/0 on input line 306.
Package textcomp Info: Setting pxtt sub-encoding to TS1/0 on input line 307.
Package textcomp Info: Setting txr sub-encoding to TS1/0 on input line 308.
Package textcomp Info: Setting txss sub-encoding to TS1/0 on input line 309.
Package textcomp Info: Setting txtt sub-encoding to TS1/0 on input line 310.
Package textcomp Info: Setting lmr sub-encoding to TS1/0 on input line 311.
Package textcomp Info: Setting lmdh sub-encoding to TS1/0 on input line 312.
Package textcomp Info: Setting lmss sub-encoding to TS1/0 on input line 313.
Package textcomp Info: Setting lmssq sub-encoding to TS1/0 on input line 314.
Package textcomp Info: Setting lmvtt sub-encoding to TS1/0 on input line 315.
Package textcomp Info: Setting qhv sub-encoding to TS1/0 on input line 316.
Package textcomp Info: Setting qag sub-encoding to TS1/0 on input line 317.
Package textcomp Info: Setting qbk sub-encoding to TS1/0 on input line 318.
Package textcomp Info: Setting qcr sub-encoding to TS1/0 on input line 319.
Package textcomp Info: Setting qcs sub-encoding to TS1/0 on input line 320.
Package textcomp Info: Setting qpl sub-encoding to TS1/0 on input line 321.
Package textcomp Info: Setting qtm sub-encoding to TS1/0 on input line 322.
Package textcomp Info: Setting qzc sub-encoding to TS1/0 on input line 323.
Package textcomp Info: Setting qhvc sub-encoding to TS1/0 on input line 324.
Package textcomp Info: Setting futs sub-encoding to TS1/4 on input line 325.
Package textcomp Info: Setting futx sub-encoding to TS1/4 on input line 326.
Package textcomp Info: Setting futj sub-encoding to TS1/4 on input line 327.
Package textcomp Info: Setting hlh sub-encoding to TS1/3 on input line 328.
Package textcomp Info: Setting hls sub-encoding to TS1/3 on input line 329.
Package textcomp Info: Setting hlst sub-encoding to TS1/3 on input line 330.
Package textcomp Info: Setting hlct sub-encoding to TS1/5 on input line 331.
Package textcomp Info: Setting hlx sub-encoding to TS1/5 on input line 332.
Package textcomp Info: Setting hlce sub-encoding to TS1/5 on input line 333.
Package textcomp Info: Setting hlcn sub-encoding to TS1/5 on input line 334.
Package textcomp Info: Setting hlcw sub-encoding to TS1/5 on input line 335.
Package textcomp Info: Setting hlcf sub-encoding to TS1/5 on input line 336.
Package textcomp Info: Setting pplx sub-encoding to TS1/3 on input line 337.
Package textcomp Info: Setting pplj sub-encoding to TS1/3 on input line 338.
Package textcomp Info: Setting ptmx sub-encoding to TS1/4 on input line 339.
Package textcomp Info: Setting ptmj sub-encoding to TS1/4 on input line 340.
)
("R:\Development\MiKTeX 2.9\tex\latex\placeins\placeins.sty"
Package: placeins 2005/04/18  v 2.2
)
("R:\Development\MiKTeX 2.9\tex\latex\wrapfig\wrapfig.sty"
\wrapoverhang=\dimen123
\WF@size=\dimen124
\c@WF@wrappedlines=\count123
\WF@box=\box33
\WF@everypar=\toks25
Package: wrapfig 2003/01/31  v 3.6
)
("R:\Development\MiKTeX 2.9\tex\latex\pgf\frontendlayer\tikz.sty"
("R:\Development\MiKTeX 2.9\tex\latex\pgf\basiclayer\pgf.sty"
("R:\Development\MiKTeX 2.9\tex\latex\pgf\utilities\pgfrcs.sty"
("R:\Development\MiKTeX 2.9\tex\generic\pgf\utilities\pgfutil-common.tex"
\pgfutil@everybye=\toks26
\pgfutil@tempdima=\dimen125
\pgfutil@tempdimb=\dimen126

("R:\Development\MiKTeX 2.9\tex\generic\pgf\utilities\pgfutil-common-lists.tex"
)) ("R:\Development\MiKTeX 2.9\tex\generic\pgf\utilities\pgfutil-latex.def"
\pgfutil@abb=\box34

("R:\Development\MiKTeX 2.9\tex\latex\ms\everyshi.sty"
Package: everyshi 2001/05/15 v3.00 EveryShipout Package (MS)
))
("R:\Development\MiKTeX 2.9\tex\generic\pgf\utilities\pgfrcs.code.tex"
Package: pgfrcs 2013/12/20 v3.0.0 (rcs-revision 1.28)
))
Package: pgf 2013/12/18 v3.0.0 (rcs-revision 1.14)

("R:\Development\MiKTeX 2.9\tex\latex\pgf\basiclayer\pgfcore.sty"
("R:\Development\MiKTeX 2.9\tex\latex\pgf\systemlayer\pgfsys.sty"
("R:\Development\MiKTeX 2.9\tex\generic\pgf\systemlayer\pgfsys.code.tex"
Package: pgfsys 2013/11/30 v3.0.0 (rcs-revision 1.47)

("R:\Development\MiKTeX 2.9\tex\generic\pgf\utilities\pgfkeys.code.tex"
\pgfkeys@pathtoks=\toks27
\pgfkeys@temptoks=\toks28

("R:\Development\MiKTeX 2.9\tex\generic\pgf\utilities\pgfkeysfiltered.code.tex"
\pgfkeys@tmptoks=\toks29
))
\pgf@x=\dimen127
\pgf@y=\dimen128
\pgf@xa=\dimen129
\pgf@ya=\dimen130
\pgf@xb=\dimen131
\pgf@yb=\dimen132
\pgf@xc=\dimen133
\pgf@yc=\dimen134
\w@pgf@writea=\write3
\r@pgf@reada=\read1
\c@pgf@counta=\count124
\c@pgf@countb=\count125
\c@pgf@countc=\count126
\c@pgf@countd=\count127
\t@pgf@toka=\toks30
\t@pgf@tokb=\toks31
\t@pgf@tokc=\toks32
 ("R:\Development\MiKTeX 2.9\tex\generic\pgf\systemlayer\pgf.cfg"
File: pgf.cfg 2008/05/14  (rcs-revision 1.7)
)
Driver file for pgf: pgfsys-pdftex.def

("R:\Development\MiKTeX 2.9\tex\generic\pgf\systemlayer\pgfsys-pdftex.def"
File: pgfsys-pdftex.def 2013/07/18  (rcs-revision 1.33)

("R:\Development\MiKTeX 2.9\tex\generic\pgf\systemlayer\pgfsys-common-pdf.def"
File: pgfsys-common-pdf.def 2013/10/10  (rcs-revision 1.13)
)))
("R:\Development\MiKTeX 2.9\tex\generic\pgf\systemlayer\pgfsyssoftpath.code.tex
"
File: pgfsyssoftpath.code.tex 2013/09/09  (rcs-revision 1.9)
\pgfsyssoftpath@smallbuffer@items=\count128
\pgfsyssoftpath@bigbuffer@items=\count129
)
("R:\Development\MiKTeX 2.9\tex\generic\pgf\systemlayer\pgfsysprotocol.code.tex
"
File: pgfsysprotocol.code.tex 2006/10/16  (rcs-revision 1.4)
)) ("R:\Development\MiKTeX 2.9\tex\latex\xcolor\xcolor.sty"
Package: xcolor 2007/01/21 v2.11 LaTeX color extensions (UK)

("R:\Development\MiKTeX 2.9\tex\latex\00miktex\color.cfg"
File: color.cfg 2007/01/18 v1.5 color configuration of teTeX/TeXLive
)
Package xcolor Info: Driver file: pdftex.def on input line 225.
LaTeX Info: Redefining \color on input line 702.
Package xcolor Info: Model `cmy' substituted by `cmy0' on input line 1337.
Package xcolor Info: Model `hsb' substituted by `rgb' on input line 1341.
Package xcolor Info: Model `RGB' extended on input line 1353.
Package xcolor Info: Model `HTML' substituted by `rgb' on input line 1355.
Package xcolor Info: Model `Hsb' substituted by `hsb' on input line 1356.
Package xcolor Info: Model `tHsb' substituted by `hsb' on input line 1357.
Package xcolor Info: Model `HSB' substituted by `hsb' on input line 1358.
Package xcolor Info: Model `Gray' substituted by `gray' on input line 1359.
Package xcolor Info: Model `wave' substituted by `hsb' on input line 1360.
)
("R:\Development\MiKTeX 2.9\tex\generic\pgf\basiclayer\pgfcore.code.tex"
Package: pgfcore 2010/04/11 v3.0.0 (rcs-revision 1.7)

("R:\Development\MiKTeX 2.9\tex\generic\pgf\math\pgfmath.code.tex"
("R:\Development\MiKTeX 2.9\tex\generic\pgf\math\pgfmathcalc.code.tex"
("R:\Development\MiKTeX 2.9\tex\generic\pgf\math\pgfmathutil.code.tex")
("R:\Development\MiKTeX 2.9\tex\generic\pgf\math\pgfmathparser.code.tex"
\pgfmath@dimen=\dimen135
\pgfmath@count=\count130
\pgfmath@box=\box35
\pgfmath@toks=\toks33
\pgfmath@stack@operand=\toks34
\pgfmath@stack@operation=\toks35
)
("R:\Development\MiKTeX 2.9\tex\generic\pgf\math\pgfmathfunctions.code.tex"
("R:\Development\MiKTeX 2.9\tex\generic\pgf\math\pgfmathfunctions.basic.code.te
x")
("R:\Development\MiKTeX 2.9\tex\generic\pgf\math\pgfmathfunctions.trigonometric
.code.tex")
("R:\Development\MiKTeX 2.9\tex\generic\pgf\math\pgfmathfunctions.random.code.t
ex")
("R:\Development\MiKTeX 2.9\tex\generic\pgf\math\pgfmathfunctions.comparison.co
de.tex")
("R:\Development\MiKTeX 2.9\tex\generic\pgf\math\pgfmathfunctions.base.code.tex
")
("R:\Development\MiKTeX 2.9\tex\generic\pgf\math\pgfmathfunctions.round.code.te
x")
("R:\Development\MiKTeX 2.9\tex\generic\pgf\math\pgfmathfunctions.misc.code.tex
")
("R:\Development\MiKTeX 2.9\tex\generic\pgf\math\pgfmathfunctions.integerarithm
etics.code.tex")))
("R:\Development\MiKTeX 2.9\tex\generic\pgf\math\pgfmathfloat.code.tex"
\c@pgfmathroundto@lastzeros=\count131
))
("R:\Development\MiKTeX 2.9\tex\generic\pgf\basiclayer\pgfcorepoints.code.tex"
File: pgfcorepoints.code.tex 2013/10/07  (rcs-revision 1.27)
\pgf@picminx=\dimen136
\pgf@picmaxx=\dimen137
\pgf@picminy=\dimen138
\pgf@picmaxy=\dimen139
\pgf@pathminx=\dimen140
\pgf@pathmaxx=\dimen141
\pgf@pathminy=\dimen142
\pgf@pathmaxy=\dimen143
\pgf@xx=\dimen144
\pgf@xy=\dimen145
\pgf@yx=\dimen146
\pgf@yy=\dimen147
\pgf@zx=\dimen148
\pgf@zy=\dimen149
)
("R:\Development\MiKTeX 2.9\tex\generic\pgf\basiclayer\pgfcorepathconstruct.cod
e.tex"
File: pgfcorepathconstruct.code.tex 2013/10/07  (rcs-revision 1.29)
\pgf@path@lastx=\dimen150
\pgf@path@lasty=\dimen151
)
("R:\Development\MiKTeX 2.9\tex\generic\pgf\basiclayer\pgfcorepathusage.code.te
x"
File: pgfcorepathusage.code.tex 2013/12/13  (rcs-revision 1.23)
\pgf@shorten@end@additional=\dimen152
\pgf@shorten@start@additional=\dimen153
)
("R:\Development\MiKTeX 2.9\tex\generic\pgf\basiclayer\pgfcorescopes.code.tex"
File: pgfcorescopes.code.tex 2013/10/09  (rcs-revision 1.44)
\pgfpic=\box36
\pgf@hbox=\box37
\pgf@layerbox@main=\box38
\pgf@picture@serial@count=\count132
)
("R:\Development\MiKTeX 2.9\tex\generic\pgf\basiclayer\pgfcoregraphicstate.code
.tex"
File: pgfcoregraphicstate.code.tex 2013/09/19  (rcs-revision 1.11)
\pgflinewidth=\dimen154
)
("R:\Development\MiKTeX 2.9\tex\generic\pgf\basiclayer\pgfcoretransformations.c
ode.tex"
File: pgfcoretransformations.code.tex 2013/10/10  (rcs-revision 1.17)
\pgf@pt@x=\dimen155
\pgf@pt@y=\dimen156
\pgf@pt@temp=\dimen157
)
("R:\Development\MiKTeX 2.9\tex\generic\pgf\basiclayer\pgfcorequick.code.tex"
File: pgfcorequick.code.tex 2008/10/09  (rcs-revision 1.3)
)
("R:\Development\MiKTeX 2.9\tex\generic\pgf\basiclayer\pgfcoreobjects.code.tex"
File: pgfcoreobjects.code.tex 2006/10/11  (rcs-revision 1.2)
)
("R:\Development\MiKTeX 2.9\tex\generic\pgf\basiclayer\pgfcorepathprocessing.co
de.tex"
File: pgfcorepathprocessing.code.tex 2013/09/09  (rcs-revision 1.9)
)
("R:\Development\MiKTeX 2.9\tex\generic\pgf\basiclayer\pgfcorearrows.code.tex"
File: pgfcorearrows.code.tex 2013/11/07  (rcs-revision 1.40)
\pgfarrowsep=\dimen158
) ("R:\Development\MiKTeX 2.9\tex\generic\pgf\basiclayer\pgfcoreshade.code.tex"
File: pgfcoreshade.code.tex 2013/07/15  (rcs-revision 1.15)
\pgf@max=\dimen159
\pgf@sys@shading@range@num=\count133
) ("R:\Development\MiKTeX 2.9\tex\generic\pgf\basiclayer\pgfcoreimage.code.tex"
File: pgfcoreimage.code.tex 2013/07/15  (rcs-revision 1.18)

("R:\Development\MiKTeX 2.9\tex\generic\pgf\basiclayer\pgfcoreexternal.code.tex
"
File: pgfcoreexternal.code.tex 2013/07/15  (rcs-revision 1.20)
\pgfexternal@startupbox=\box39
))
("R:\Development\MiKTeX 2.9\tex\generic\pgf\basiclayer\pgfcorelayers.code.tex"
File: pgfcorelayers.code.tex 2013/07/18  (rcs-revision 1.7)
)
("R:\Development\MiKTeX 2.9\tex\generic\pgf\basiclayer\pgfcoretransparency.code
.tex"
File: pgfcoretransparency.code.tex 2013/09/30  (rcs-revision 1.5)
)
("R:\Development\MiKTeX 2.9\tex\generic\pgf\basiclayer\pgfcorepatterns.code.tex
"
File: pgfcorepatterns.code.tex 2013/11/07  (rcs-revision 1.5)
)))
("R:\Development\MiKTeX 2.9\tex\generic\pgf\modules\pgfmoduleshapes.code.tex"
File: pgfmoduleshapes.code.tex 2013/10/31  (rcs-revision 1.34)
\pgfnodeparttextbox=\box40
)
("R:\Development\MiKTeX 2.9\tex\generic\pgf\modules\pgfmoduleplot.code.tex"
File: pgfmoduleplot.code.tex 2013/07/31  (rcs-revision 1.12)
)
("R:\Development\MiKTeX 2.9\tex\latex\pgf\compatibility\pgfcomp-version-0-65.st
y"
Package: pgfcomp-version-0-65 2007/07/03 v3.0.0 (rcs-revision 1.7)
\pgf@nodesepstart=\dimen160
\pgf@nodesepend=\dimen161
)
("R:\Development\MiKTeX 2.9\tex\latex\pgf\compatibility\pgfcomp-version-1-18.st
y"
Package: pgfcomp-version-1-18 2007/07/23 v3.0.0 (rcs-revision 1.1)
)) ("R:\Development\MiKTeX 2.9\tex\latex\pgf\utilities\pgffor.sty"
("R:\Development\MiKTeX 2.9\tex\latex\pgf\utilities\pgfkeys.sty"
("R:\Development\MiKTeX 2.9\tex\generic\pgf\utilities\pgfkeys.code.tex"))
("R:\Development\MiKTeX 2.9\tex\latex\pgf\math\pgfmath.sty"
("R:\Development\MiKTeX 2.9\tex\generic\pgf\math\pgfmath.code.tex"))
("R:\Development\MiKTeX 2.9\tex\generic\pgf\utilities\pgffor.code.tex"
Package: pgffor 2013/12/13 v3.0.0 (rcs-revision 1.25)

("R:\Development\MiKTeX 2.9\tex\generic\pgf\math\pgfmath.code.tex")
\pgffor@iter=\dimen162
\pgffor@skip=\dimen163
\pgffor@stack=\toks36
\pgffor@toks=\toks37
))
("R:\Development\MiKTeX 2.9\tex\generic\pgf\frontendlayer\tikz\tikz.code.tex"
Package: tikz 2013/12/13 v3.0.0 (rcs-revision 1.142)

("R:\Development\MiKTeX 2.9\tex\generic\pgf\libraries\pgflibraryplothandlers.co
de.tex"
File: pgflibraryplothandlers.code.tex 2013/08/31 v3.0.0 (rcs-revision 1.20)
\pgf@plot@mark@count=\count134
\pgfplotmarksize=\dimen164
)
\tikz@lastx=\dimen165
\tikz@lasty=\dimen166
\tikz@lastxsaved=\dimen167
\tikz@lastysaved=\dimen168
\tikzleveldistance=\dimen169
\tikzsiblingdistance=\dimen170
\tikz@figbox=\box41
\tikz@figbox@bg=\box42
\tikz@tempbox=\box43
\tikz@tempbox@bg=\box44
\tikztreelevel=\count135
\tikznumberofchildren=\count136
\tikznumberofcurrentchild=\count137
\tikz@fig@count=\count138

("R:\Development\MiKTeX 2.9\tex\generic\pgf\modules\pgfmodulematrix.code.tex"
File: pgfmodulematrix.code.tex 2013/09/17  (rcs-revision 1.8)
\pgfmatrixcurrentrow=\count139
\pgfmatrixcurrentcolumn=\count140
\pgf@matrix@numberofcolumns=\count141
)
\tikz@expandcount=\count142

("R:\Development\MiKTeX 2.9\tex\generic\pgf\frontendlayer\tikz\libraries\tikzli
brarytopaths.code.tex"
File: tikzlibrarytopaths.code.tex 2008/06/17 v3.0.0 (rcs-revision 1.2)
)))
("R:\Development\MiKTeX 2.9\tex\generic\pgf\frontendlayer\tikz\libraries\tikzli
braryshadows.code.tex"
File: tikzlibraryshadows.code.tex 2008/01/13 v3.0.0 (rcs-revision 1.3)

("R:\Development\MiKTeX 2.9\tex\generic\pgf\frontendlayer\tikz\libraries\tikzli
braryfadings.code.tex"
File: tikzlibraryfadings.code.tex 2009/11/15 v3.0.0 (rcs-revision 1.2)

("R:\Development\MiKTeX 2.9\tex\generic\pgf\libraries\pgflibraryfadings.code.te
x"
File: pgflibraryfadings.code.tex 2008/02/07 v3.0.0 (rcs-revision 1.3)
))) ("R:\Development\MiKTeX 2.9\tex\latex\koma-script\scrpage2.sty"
Package: scrpage2 2015/01/14 v3.15 KOMA-Script package (page head and foot)
LaTeX Info: Redefining \pagemark on input line 174.
)
("R:\Development\MiKTeX 2.9\tex\latex\geometry\geometry.sty"
Package: geometry 2010/09/12 v5.6 Page Geometry

("R:\Development\MiKTeX 2.9\tex\generic\oberdiek\ifpdf.sty"
Package: ifpdf 2011/01/30 v2.3 Provides the ifpdf switch (HO)
Package ifpdf Info: pdfTeX in PDF mode is detected.
)
("R:\Development\MiKTeX 2.9\tex\generic\oberdiek\ifvtex.sty"
Package: ifvtex 2010/03/01 v1.5 Detect VTeX and its facilities (HO)
Package ifvtex Info: VTeX not detected.
)
("R:\Development\MiKTeX 2.9\tex\generic\ifxetex\ifxetex.sty"
Package: ifxetex 2010/09/12 v0.6 Provides ifxetex conditional
)
\Gm@cnth=\count143
\Gm@cntv=\count144
\c@Gm@tempcnt=\count145
\Gm@bindingoffset=\dimen171
\Gm@wd@mp=\dimen172
\Gm@odd@mp=\dimen173
\Gm@even@mp=\dimen174
\Gm@layoutwidth=\dimen175
\Gm@layoutheight=\dimen176
\Gm@layouthoffset=\dimen177
\Gm@layoutvoffset=\dimen178
\Gm@dimlist=\toks38

("R:\Development\MiKTeX 2.9\tex\latex\geometry\geometry.cfg"))
(S:\ArmA3Work\MapBuilder\Doc\MB_Doc.aux)
LaTeX Font Info:    Checking defaults for OML/cmm/m/it on input line 69.
LaTeX Font Info:    ... okay on input line 69.
LaTeX Font Info:    Checking defaults for T1/cmr/m/n on input line 69.
LaTeX Font Info:    ... okay on input line 69.
LaTeX Font Info:    Checking defaults for OT1/cmr/m/n on input line 69.
LaTeX Font Info:    ... okay on input line 69.
LaTeX Font Info:    Checking defaults for OMS/cmsy/m/n on input line 69.
LaTeX Font Info:    ... okay on input line 69.
LaTeX Font Info:    Checking defaults for OMX/cmex/m/n on input line 69.
LaTeX Font Info:    ... okay on input line 69.
LaTeX Font Info:    Checking defaults for U/cmr/m/n on input line 69.
LaTeX Font Info:    ... okay on input line 69.
LaTeX Font Info:    Checking defaults for TS1/cmr/m/n on input line 69.
LaTeX Font Info:    Try loading font information for TS1+cmr on input line 69.

("R:\Development\MiKTeX 2.9\tex\latex\base\ts1cmr.fd"
File: ts1cmr.fd 1999/05/25 v2.5h Standard LaTeX font definitions
)
LaTeX Font Info:    ... okay on input line 69.

isodate: babel.sty has been loaded
\c@lstlisting=\count146
("R:\Development\MiKTeX 2.9\tex\context\base\supp-pdf.mkii"
[Loading MPS to PDF converter (version 2006.09.02).]
\scratchcounter=\count147
\scratchdimen=\dimen179
\scratchbox=\box45
\nofMPsegments=\count148
\nofMParguments=\count149
\everyMPshowfont=\toks39
\MPscratchCnt=\count150
\MPscratchDim=\dimen180
\MPnumerator=\count151
\makeMPintoPDFobject=\count152
\everyMPtoPDFconversion=\toks40
) ABD: EveryShipout initializing macros
*geometry* driver: auto-detecting
*geometry* detected driver: pdftex
*geometry* verbose mode - [ preamble ] result:
* driver: pdftex
* paper: <default>
* layout: <same size as paper>
* layoutoffset:(h,v)=(0.0pt,0.0pt)
* hratio: 1:1
* vratio: 1:1
* modes: 
* h-part:(L,W,R)=(89.6271pt, 418.25372pt, 89.6271pt)
* v-part:(T,H,B)=(126.75833pt, 591.53027pt, 126.75833pt)
* \paperwidth=597.50793pt
* \paperheight=845.04694pt
* \textwidth=418.25372pt
* \textheight=591.53027pt
* \oddsidemargin=17.35712pt
* \evensidemargin=17.35712pt
* \topmargin=17.08833pt
* \headheight=17.0pt
* \headsep=20.40001pt
* \topskip=11.0pt
* \footskip=47.6pt
* \marginparwidth=59.7508pt
* \marginparsep=12.8401pt
* \columnsep=10.0pt
* \skip\footins=10.0pt plus 4.0pt minus 2.0pt
* \hoffset=0.0pt
* \voffset=0.0pt
* \mag=1000
* \@twocolumnfalse
* \@twosidefalse
* \@mparswitchfalse
* \@reversemarginfalse
* (1in=72.27pt=25.4mm, 1cm=28.453pt)

<images/mapbuilder_logo.pdf, id=28, 254.79565pt x 49.786pt>
File: images/mapbuilder_logo.pdf Graphic file (type pdf)

<use images/mapbuilder_logo.pdf>
Package pdftex.def Info: images/mapbuilder_logo.pdf used on input line 72.
(pdftex.def)             Requested size: 341.43306pt x 66.71742pt.
LaTeX Font Info:    Try loading font information for T1+cmss on input line 72.

("R:\Development\MiKTeX 2.9\tex\latex\base\t1cmss.fd"
File: t1cmss.fd 1999/05/25 v2.5h Standard LaTeX font definitions
)
LaTeX Font Info:    Try loading font information for U+lasy on input line 72.

("R:\Development\MiKTeX 2.9\tex\latex\base\ulasy.fd"
File: ulasy.fd 1998/08/17 v2.2e LaTeX symbol font definitions
)
LaTeX Font Info:    Try loading font information for U+stmry on input line 72.

("R:\Development\MiKTeX 2.9\tex\latex\stmaryrd\ustmry.fd")
LaTeX Font Info:    Try loading font information for U+msa on input line 72.

("R:\Development\MiKTeX 2.9\tex\latex\amsfonts\umsa.fd"
File: umsa.fd 2013/01/14 v3.01 AMS symbols A
)
LaTeX Font Info:    Try loading font information for U+msb on input line 72.

("R:\Development\MiKTeX 2.9\tex\latex\amsfonts\umsb.fd"
File: umsb.fd 2013/01/14 v3.01 AMS symbols B
)
LaTeX Font Info:    Try loading font information for U+wasy on input line 72.

("R:\Development\MiKTeX 2.9\tex\latex\wasysym\uwasy.fd"
File: uwasy.fd 2003/10/30 v2.0 Wasy-2 symbol font definitions
) [1


{C:/ProgramData/MiKTeX/2.9/pdftex/config/pdftex.map} <S:/ArmA3Work/MapBuilder/D
oc/images/mapbuilder_logo.pdf>] (S:\ArmA3Work\MapBuilder\Doc\MB_Doc.toc)
\tf@toc=\write4

<images/Logo.png, id=45, 49.80113pt x 49.80113pt>
File: images/Logo.png Graphic file (type png)
 <use images/Logo.png>
Package pdftex.def Info: images/Logo.png used on input line 77.
(pdftex.def)             Requested size: 20.91396pt x 20.91328pt.

Overfull \vbox (7.99332pt too high) has occurred while \output is active []


[2 <S:/ArmA3Work/MapBuilder/Doc/images/Logo.png>]
Underfull \hbox (badness 10000) in paragraph at lines 79--84

 []


Underfull \hbox (badness 10000) in paragraph at lines 96--98

 []

File: images/Logo.png Graphic file (type png)
<use images/Logo.png>
Package pdftex.def Info: images/Logo.png used on input line 98.
(pdftex.def)             Requested size: 20.91396pt x 20.91328pt.

Overfull \vbox (7.99332pt too high) has occurred while \output is active []


[3]
LaTeX Font Info:    Try loading font information for T1+cmtt on input line 101.

 ("R:\Development\MiKTeX 2.9\tex\latex\base\t1cmtt.fd"
File: t1cmtt.fd 1999/05/25 v2.5h Standard LaTeX font definitions
)
<images/depacked.png, id=60, 464.4853pt x 130.23656pt>
File: images/depacked.png Graphic file (type png)

<use images/depacked.png>
Package pdftex.def Info: images/depacked.png used on input line 105.
(pdftex.def)             Requested size: 289.07999pt x 81.05583pt.

Overfull \hbox (2.21585pt too wide) in paragraph at lines 108--114
\T1/cmr/m/n/10.95 (\T1/cmr/m/it/10.95 C:\Steam\steamapps\common\Arma 3\T1/cmr/m
/n/10.95 ) and start them with your fa-vorite way of launch-
 []


Underfull \hbox (badness 10000) in paragraph at lines 108--114

 []


Overfull \hbox (14.46307pt too wide) in paragraph at lines 108--114
\T1/cmr/m/it/10.95 Builder.VR \T1/cmr/m/n/10.95 folder to your ArmA3 mis-sion d
i-rec-tory (\T1/cmr/m/it/10.95 C:\Users\Username\Documents\Arma
 []


Underfull \hbox (badness 10000) in paragraph at lines 108--114

 []

<images/mb/mbui.png, id=61, 1445.4pt x 813.0375pt>
File: images/mb/mbui.png Graphic file (type png)
 <use images/mb/mbui.png>
Package pdftex.def Info: images/mb/mbui.png used on input line 118.
(pdftex.def)             Requested size: 419.16621pt x 235.77484pt.

Overfull \hbox (0.91249pt too wide) in paragraph at lines 118--119
 [][] 
 []

File: images/Logo.png Graphic file (type png)
<use images/Logo.png>
Package pdftex.def Info: images/Logo.png used on input line 120.
(pdftex.def)             Requested size: 20.91396pt x 20.91328pt.

Overfull \vbox (7.99332pt too high) has occurred while \output is active []


[4 <S:/ArmA3Work/MapBuilder/Doc/images/depacked.png>]
Underfull \hbox (badness 10000) in paragraph at lines 121--132

 []


Overfull \hbox (0.6816pt too wide) in paragraph at lines 121--132
\T1/cmr/m/n/10.95 ad-dons en-abled, you will have ac-cess to even more cat-e-go
ries like "A1","A2" and "JBAD". 
 []


Underfull \hbox (badness 10000) in paragraph at lines 121--132

 []


Underfull \hbox (badness 10000) in paragraph at lines 121--132

 []

File: images/Logo.png Graphic file (type png)
<use images/Logo.png>
Package pdftex.def Info: images/Logo.png used on input line 132.
(pdftex.def)             Requested size: 20.91396pt x 20.91328pt.

Overfull \vbox (7.99332pt too high) has occurred while \output is active []


[5 <S:/ArmA3Work/MapBuilder/Doc/images/mb/mbui.png>]
<images/mb/windows.png, id=71, 1138.2525pt x 628.59843pt>
File: images/mb/windows.png Graphic file (type png)

<use images/mb/windows.png>
Package pdftex.def Info: images/mb/windows.png used on input line 140.
(pdftex.def)             Requested size: 419.16621pt x 231.48433pt.

Overfull \hbox (0.91249pt too wide) in paragraph at lines 140--141
 [][] 
 []

File: images/Logo.png Graphic file (type png)
<use images/Logo.png>
Package pdftex.def Info: images/Logo.png used on input line 143.
(pdftex.def)             Requested size: 20.91396pt x 20.91328pt.

Overfull \vbox (7.99332pt too high) has occurred while \output is active []


[6 <S:/ArmA3Work/MapBuilder/Doc/images/mb/windows.png>]
File: images/Logo.png Graphic file (type png)
 <use images/Logo.png>
Package pdftex.def Info: images/Logo.png used on input line 152.
(pdftex.def)             Requested size: 20.91396pt x 20.91328pt.

Overfull \vbox (7.99332pt too high) has occurred while \output is active []


[7] <images/mb/selection.png, id=80, 583.42969pt x 344.03531pt>
File: images/mb/selection.png Graphic file (type png)

<use images/mb/selection.png>
Package pdftex.def Info: images/mb/selection.png used on input line 157.
(pdftex.def)             Requested size: 274.6262pt x 161.94334pt.

<images/mb/selectionrectangle.png, id=81, 767.86874pt x 479.54156pt>
File: images/mb/selectionrectangle.png Graphic file (type png)

<use images/mb/selectionrectangle.png>
Package pdftex.def Info: images/mb/selectionrectangle.png used on input line 16
4.
(pdftex.def)             Requested size: 346.89621pt x 216.6405pt.

<images/mb/inspector.png, id=82, 468.24937pt x 412.54124pt>
File: images/mb/inspector.png Graphic file (type png)

<use images/mb/inspector.png>
Package pdftex.def Info: images/mb/inspector.png used on input line 177.
(pdftex.def)             Requested size: 175.66579pt x 154.76553pt.

Underfull \hbox (badness 10000) in paragraph at lines 167--179

 []


Underfull \hbox (badness 10000) in paragraph at lines 167--179

 []


Underfull \hbox (badness 10000) in paragraph at lines 167--179

 []

File: images/Logo.png Graphic file (type png)
<use images/Logo.png>
Package pdftex.def Info: images/Logo.png used on input line 179.
(pdftex.def)             Requested size: 20.91396pt x 20.91328pt.

Overfull \vbox (7.99332pt too high) has occurred while \output is active []


[8 <S:/ArmA3Work/MapBuilder/Doc/images/mb/selection.png> <S:/ArmA3Work/MapBuild
er/Doc/images/mb/selectionrectangle.png>]
Underfull \hbox (badness 1221) in paragraph at lines 179--194
[]\T1/cmr/m/n/10.95 You can fine-tune an ob-jects prop-er-ties by
 []


Underfull \hbox (badness 1394) in paragraph at lines 179--194
\T1/cmr/m/n/10.95 jectin-spec-tor win-dow will open. You can
 []


Underfull \hbox (badness 3291) in paragraph at lines 179--194
\T1/cmr/m/n/10.95 ject. "Pre-view" will ap-ply the changes
 []


Underfull \hbox (badness 4569) in paragraph at lines 179--194
\T1/cmr/m/n/10.95 but with-out ac-tu-ally sav-ing them. So
 []


Underfull \hbox (badness 1019) in paragraph at lines 179--194
\T1/cmr/m/n/10.95 you can pre-view the changes. When you
 []


Underfull \hbox (badness 1789) in paragraph at lines 179--194
\T1/cmr/m/n/10.95 cel". The ob-jectin-spec-tor win-dow is not
 []


Underfull \hbox (badness 5091) in paragraph at lines 179--194
\T1/cmr/m/n/10.95 ject in the view-port. Press "Re-fresh"
 []


Underfull \hbox (badness 6300) in paragraph at lines 179--194
\T1/cmr/m/n/10.95 to copy the new val-ues into the win-
 []


Underfull \hbox (badness 10000) in paragraph at lines 179--194

 []


Underfull \hbox (badness 10000) in paragraph at lines 179--194

 []

File: images/Logo.png Graphic file (type png)
<use images/Logo.png>
Package pdftex.def Info: images/Logo.png used on input line 194.
(pdftex.def)             Requested size: 20.91396pt x 20.91328pt.

Overfull \vbox (7.99332pt too high) has occurred while \output is active []


[9 <S:/ArmA3Work/MapBuilder/Doc/images/mb/inspector.png>]
(S:\ArmA3Work\MapBuilder\Doc\MB_Doc.aux) ) 
Here is how much of TeX's memory you used:
 18156 strings out of 493921
 330212 string characters out of 3148090
 418468 words of memory out of 3000000
 21035 multiletter control sequences out of 15000+200000
 23135 words of font info for 74 fonts, out of 3000000 for 9000
 841 hyphenation exceptions out of 8191
 64i,13n,78p,1048b,728s stack positions out of 5000i,500n,10000p,200000b,50000s
 <C:\Users\Neo\AppData\Local\MiKTeX\2
.9\fonts\pk\ljfour\jknappen\ec\dpi600\ecss0800.pk> <C:\Users\Neo\AppData\Local\
MiKTeX\2.9\fonts\pk\ljfour\jknappen\ec\dpi600\ectt1095.pk> <C:\Users\Neo\AppDat
a\Local\MiKTeX\2.9\fonts\pk\ljfour\jknappen\ec\dpi600\ecti1095.pk> <C:\Users\Ne
o\AppData\Local\MiKTeX\2.9\fonts\pk\ljfour\jknappen\ec\dpi600\tcrm1095.pk> <C:\
Users\Neo\AppData\Local\MiKTeX\2.9\fonts\pk\ljfour\jknappen\ec\dpi600\ecbx1095.
pk> <C:\Users\Neo\AppData\Local\MiKTeX\2.9\fonts\pk\ljfour\jknappen\ec\dpi600\e
csx1095.pk> <C:\Users\Neo\AppData\Local\MiKTeX\2.9\fonts\pk\ljfour\jknappen\ec\
dpi600\ecsx1440.pk> <C:\Users\Neo\AppData\Local\MiKTeX\2.9\fonts\pk\ljfour\jkna
ppen\ec\dpi600\ecrm1095.pk> <C:\Users\Neo\AppData\Local\MiKTeX\2.9\fonts\pk\ljf
our\jknappen\ec\dpi600\ecsl1095.pk> <C:\Users\Neo\AppData\Local\MiKTeX\2.9\font
s\pk\ljfour\jknappen\ec\dpi600\ecrm1440.pk> <C:\Users\Neo\AppData\Local\MiKTeX\
2.9\fonts\pk\ljfour\jknappen\ec\dpi600\ecsx2074.pk>
Output written on MB_Doc.pdf (9 pages, 1895673 bytes).
PDF statistics:
 448 PDF objects out of 1000 (max. 8388607)
 0 named destinations out of 1000 (max. 500000)
 149 words of extra memory for PDF output out of 10000 (max. 10000000)

